{
  "0 debug pnpm:scope": {
    "selected": 1
  },
  "1 error pnpm": {
    "errno": 1,
    "code": "ELIFECYCLE",
    "pkgid": "codemirror-editor-vue3@2.0.3",
    "stage": "dev",
    "script": "vite",
    "pkgname": "codemirror-editor-vue3",
    "err": {
      "name": "pnpm",
      "message": "codemirror-editor-vue3@2.0.3 dev: `vite`\nExit status 1",
      "code": "ELIFECYCLE",
      "stack": "pnpm: codemirror-editor-vue3@2.0.3 dev: `vite`\nExit status 1\n    at EventEmitter.<anonymous> (/Users/renzhang/pnpm-global/5/node_modules/.pnpm/pnpm@6.24.4/node_modules/pnpm/dist/pnpm.cjs:103873:20)\n    at EventEmitter.emit (events.js:315:20)\n    at ChildProcess.<anonymous> (/Users/renzhang/pnpm-global/5/node_modules/.pnpm/pnpm@6.24.4/node_modules/pnpm/dist/pnpm.cjs:91802:18)\n    at ChildProcess.emit (events.js:315:20)\n    at maybeClose (internal/child_process.js:1048:16)\n    at Process.ChildProcess._handle.onexit (internal/child_process.js:288:5)"
    }
  },
  "2 warn pnpm:global": " Local package.json exists, but node_modules missing, did you mean to install?"
}